<?xml version="1.0" encoding="UTF-8" standalone="no"?>
<!DOCTYPE log SYSTEM "logger.dtd">
<log>
<record>
  <date>2024-08-23T17:50:44.285-0300</date>
  <logger>PEDRO HENRIQUE MALAQUIAS DA SILVA</logger>
  <level>FINE</level>
  <message>File 123110443-PEDRO HENRIQUE MALAQUIAS DA SILVA.zip was received. It was sent by PEDRO HENRIQUE MALAQUIAS DA SILVA from IP 26.216.168.241 at 23-08-2024 17*50*44</message>
</record>
</log>
<?xml version="1.0" encoding="UTF-8" standalone="no"?>
<!DOCTYPE log SYSTEM "logger.dtd">
<log>
<record>
  <date>2024-08-26T21:00:38.397-0300</date>
  <logger>PEDRO HENRIQUE MALAQUIAS DA SILVA</logger>
  <level>FINE</level>
  <message>File 123110443-PEDRO HENRIQUE MALAQUIAS DA SILVA.zip was received. It was sent by PEDRO HENRIQUE MALAQUIAS DA SILVA from IP 26.216.168.241 at 26-08-2024 21*00*38</message>
</record>
</log>
<?xml version="1.0" encoding="UTF-8" standalone="no"?>
<!DOCTYPE log SYSTEM "logger.dtd">
<log>
<record>
  <date>2024-08-28T21:26:51.772-0300</date>
  <logger>PEDRO HENRIQUE MALAQUIAS DA SILVA</logger>
  <level>FINE</level>
  <message>File 123110443-PEDRO HENRIQUE MALAQUIAS DA SILVA.zip was received. It was sent by PEDRO HENRIQUE MALAQUIAS DA SILVA from IP 26.216.168.241 at 28-08-2024 21*26*51</message>
</record>
</log>
<?xml version="1.0" encoding="UTF-8" standalone="no"?>
<!DOCTYPE log SYSTEM "logger.dtd">
<log>
<record>
  <date>2024-08-29T15:55:22.197-0300</date>
  <logger>PEDRO HENRIQUE MALAQUIAS DA SILVA</logger>
  <level>FINE</level>
  <message>File 123110443-PEDRO HENRIQUE MALAQUIAS DA SILVA.zip was received. It was sent by PEDRO HENRIQUE MALAQUIAS DA SILVA from IP 26.216.168.241 at 29-08-2024 15*55*22</message>
</record>
