<?xml version="1.0" encoding="UTF-8" standalone="no"?>
<!DOCTYPE log SYSTEM "logger.dtd">
<log>
<record>
  <date>2024-08-07T08:12:13.218-0300</date>
  <logger>PEDRO HENRIQUE MALAQUIAS DA SILVA</logger>
  <level>FINE</level>
  <message>File 123110443-PEDRO HENRIQUE MALAQUIAS DA SILVA.zip was received. It was sent by PEDRO HENRIQUE MALAQUIAS DA SILVA from IP 150.165.74.130 at 07-08-2024 08*12*13</message>
</record>
</log>
<?xml version="1.0" encoding="UTF-8" standalone="no"?>
<!DOCTYPE log SYSTEM "logger.dtd">
<log>
<record>
  <date>2024-08-07T09:51:29.154-0300</date>
  <logger>PEDRO HENRIQUE MALAQUIAS DA SILVA</logger>
  <level>FINE</level>
  <message>File 123110443-PEDRO HENRIQUE MALAQUIAS DA SILVA.zip was received. It was sent by PEDRO HENRIQUE MALAQUIAS DA SILVA from IP 150.165.74.130 at 07-08-2024 09*51*29</message>
</record>
</log>
<?xml version="1.0" encoding="UTF-8" standalone="no"?>
<!DOCTYPE log SYSTEM "logger.dtd">
<log>
<record>
  <date>2024-08-10T15:07:22.512-0300</date>
  <logger>PEDRO HENRIQUE MALAQUIAS DA SILVA</logger>
  <level>FINE</level>
  <message>File 123110443-PEDRO HENRIQUE MALAQUIAS DA SILVA.zip was received. It was sent by PEDRO HENRIQUE MALAQUIAS DA SILVA from IP 26.216.168.241 at 10-08-2024 15*07*22</message>
</record>
</log>
<?xml version="1.0" encoding="UTF-8" standalone="no"?>
<!DOCTYPE log SYSTEM "logger.dtd">
<log>
<record>
  <date>2024-08-12T07:48:54.839-0300</date>
  <logger>PEDRO HENRIQUE MALAQUIAS DA SILVA</logger>
  <level>FINE</level>
  <message>File 123110443-PEDRO HENRIQUE MALAQUIAS DA SILVA.zip was received. It was sent by PEDRO HENRIQUE MALAQUIAS DA SILVA from IP 150.165.74.124 at 12-08-2024 07*48*54</message>
</record>
</log>
<?xml version="1.0" encoding="UTF-8" standalone="no"?>
<!DOCTYPE log SYSTEM "logger.dtd">
<log>
<record>
  <date>2024-08-13T19:48:25.286-0300</date>
  <logger>PEDRO HENRIQUE MALAQUIAS DA SILVA</logger>
  <level>FINE</level>
  <message>File 123110443-PEDRO HENRIQUE MALAQUIAS DA SILVA.zip was received. It was sent by PEDRO HENRIQUE MALAQUIAS DA SILVA from IP 26.216.168.241 at 13-08-2024 19*48*25</message>
</record>
</log>
<?xml version="1.0" encoding="UTF-8" standalone="no"?>
<!DOCTYPE log SYSTEM "logger.dtd">
<log>
<record>
  <date>2024-08-14T07:24:15.027-0300</date>
  <logger>PEDRO HENRIQUE MALAQUIAS DA SILVA</logger>
  <level>FINE</level>
  <message>File 123110443-PEDRO HENRIQUE MALAQUIAS DA SILVA.zip was received. It was sent by PEDRO HENRIQUE MALAQUIAS DA SILVA from IP 150.165.74.129 at 14-08-2024 07*24*14</message>
</record>
